<?xml version="1.0" encoding="UTF-8"?>
<!-- Generated by org.testng.reporters.JUnitReportReporter -->
<testsuite hostname="DESKTOP-1CCS179" failures="0" tests="1" name="com.qa.testBase.TestBase" time="22.902" errors="0" timestamp="2022-07-15T08:55:45 IST" skipped="0">
  <testcase classname="com.qa.testBase.TestBase" name="setUp" time="22.902"/>
  <system-out/>
</testsuite> <!-- com.qa.testBase.TestBase -->
