<?xml version="1.0" encoding="UTF-8"?>
<!-- Generated by org.testng.reporters.JUnitReportReporter -->
<testsuite hostname="DESKTOP-1CCS179" failures="0" tests="1" name="com.qa.testLayer.LoginPageTest" time="14.832" errors="0" timestamp="2022-07-19T08:47:12 IST" skipped="0">
  <testcase classname="com.qa.testLayer.LoginPageTest" name="loginToSite" time="14.832"/>
  <system-out/>
</testsuite> <!-- com.qa.testLayer.LoginPageTest -->
