<?xml version="1.0" encoding="UTF-8"?>
<!-- Generated by org.testng.reporters.JUnitReportReporter -->
<testsuite hostname="DESKTOP-1CCS179" failures="0" tests="2" name="com.qa.testLayer.TestCase1" time="74.364" errors="0" timestamp="2022-07-22T08:41:58 IST" skipped="0">
  <testcase classname="com.qa.testLayer.TestCase1" name="buyShare1" time="28.979"/>
  <system-out/>
  <testcase classname="com.qa.testLayer.TestCase1" name="buyShare2" time="45.385"/>
  <system-out/>
</testsuite> <!-- com.qa.testLayer.TestCase1 -->
